Build started 8/23/2019 10:25:49 AM.
     1>Project "C:\Users\Sanjai Kumar Agrawal\documents\visual studio 2010\Projects\Assignment1\Assignment1\Assignment1.vcxproj" on node 2 (build target(s)).
     1>InitializeBuildStatus:
         Touching "Debug\Assignment1.unsuccessfulbuild".
       ClCompile:
         All outputs are up-to-date.
         c:\Program Files (x86)\Microsoft Visual Studio 10.0\VC\bin\CL.exe /c /ZI /nologo /W3 /WX- /Od /Oy- /D WIN32 /D _DEBUG /D _CONSOLE /D _UNICODE /D UNICODE /Gm /EHsc /RTC1 /MDd /GS /fp:precise /Zc:wchar_t /Zc:forScope /Yu"StdAfx.h" /Fp"Debug\Assignment1.pch" /Fo"Debug\\" /Fd"Debug\vc100.pdb" /Gd /TP /analyze- /errorReport:prompt Assignment1.cpp
         Assignment1.cpp
     1>c:\users\sanjai kumar agrawal\documents\visual studio 2010\projects\assignment1\assignment1\assignment1.cpp(54): warning C4018: '<' : signed/unsigned mismatch
     1>c:\users\sanjai kumar agrawal\documents\visual studio 2010\projects\assignment1\assignment1\assignment1.cpp(56): warning C4018: '<' : signed/unsigned mismatch
     1>c:\users\sanjai kumar agrawal\documents\visual studio 2010\projects\assignment1\assignment1\assignment1.cpp(64): warning C4018: '<' : signed/unsigned mismatch
     1>c:\users\sanjai kumar agrawal\documents\visual studio 2010\projects\assignment1\assignment1\assignment1.cpp(67): warning C4018: '<' : signed/unsigned mismatch
     1>c:\users\sanjai kumar agrawal\documents\visual studio 2010\projects\assignment1\assignment1\assignment1.cpp(75): warning C4018: '<' : signed/unsigned mismatch
     1>c:\users\sanjai kumar agrawal\documents\visual studio 2010\projects\assignment1\assignment1\assignment1.cpp(77): warning C4018: '<' : signed/unsigned mismatch
     1>c:\users\sanjai kumar agrawal\documents\visual studio 2010\projects\assignment1\assignment1\assignment1.cpp(86): warning C4018: '<' : signed/unsigned mismatch
     1>c:\users\sanjai kumar agrawal\documents\visual studio 2010\projects\assignment1\assignment1\assignment1.cpp(101): warning C4018: '<' : signed/unsigned mismatch
     1>c:\users\sanjai kumar agrawal\documents\visual studio 2010\projects\assignment1\assignment1\assignment1.cpp(117): warning C4018: '<' : signed/unsigned mismatch
     1>c:\users\sanjai kumar agrawal\documents\visual studio 2010\projects\assignment1\assignment1\assignment1.cpp(155): warning C4018: '<' : signed/unsigned mismatch
       ManifestResourceCompile:
         All outputs are up-to-date.
       Link:
         c:\Program Files (x86)\Microsoft Visual Studio 10.0\VC\bin\link.exe /ERRORREPORT:PROMPT /OUT:"C:\Users\Sanjai Kumar Agrawal\documents\visual studio 2010\Projects\Assignment1\Debug\Assignment1.exe" /INCREMENTAL /NOLOGO kernel32.lib user32.lib gdi32.lib winspool.lib comdlg32.lib advapi32.lib shell32.lib ole32.lib oleaut32.lib uuid.lib odbc32.lib odbccp32.lib /MANIFEST /ManifestFile:"Debug\Assignment1.exe.intermediate.manifest" /MANIFESTUAC:"level='asInvoker' uiAccess='false'" /DEBUG /PDB:"C:\Users\Sanjai Kumar Agrawal\documents\visual studio 2010\Projects\Assignment1\Debug\Assignment1.pdb" /SUBSYSTEM:CONSOLE /TLBID:1 /DYNAMICBASE /NXCOMPAT /IMPLIB:"C:\Users\Sanjai Kumar Agrawal\documents\visual studio 2010\Projects\Assignment1\Debug\Assignment1.lib" /MACHINE:X86 Debug\Assignment1.exe.embed.manifest.res
         Debug\Assignment1.obj
         Debug\stdafx.obj
       Manifest:
         c:\Program Files (x86)\Microsoft SDKs\Windows\v7.0A\bin\mt.exe /nologo /verbose /out:"Debug\Assignment1.exe.embed.manifest" /manifest Debug\Assignment1.exe.intermediate.manifest
         All outputs are up-to-date.
       LinkEmbedManifest:
         All outputs are up-to-date.
         Assignment1.vcxproj -> C:\Users\Sanjai Kumar Agrawal\documents\visual studio 2010\Projects\Assignment1\Debug\Assignment1.exe
       FinalizeBuildStatus:
         Deleting file "Debug\Assignment1.unsuccessfulbuild".
         Touching "Debug\Assignment1.lastbuildstate".
     1>Done Building Project "C:\Users\Sanjai Kumar Agrawal\documents\visual studio 2010\Projects\Assignment1\Assignment1\Assignment1.vcxproj" (build target(s)).

Build succeeded.

Time Elapsed 00:00:04.08
