Build started 19-11-2019 04:21:38.
     1>Project "C:\Users\aadil\Desktop\sem7\SP\grp2\grp2\grp2\grp2.vcxproj" on node 2 (build target(s)).
     1>InitializeBuildStatus:
         Creating "Debug\grp2.unsuccessfulbuild" because "AlwaysCreate" was specified.
       ClCompile:
         All outputs are up-to-date.
         C:\Program Files (x86)\Microsoft Visual Studio 10.0\VC\bin\CL.exe /c /ZI /nologo /W3 /WX- /Od /Oy- /D WIN32 /D _DEBUG /D _CONSOLE /D _UNICODE /D UNICODE /Gm /EHsc /RTC1 /MDd /GS /fp:precise /Zc:wchar_t /Zc:forScope /Yu"StdAfx.h" /Fp"Debug\grp2.pch" /Fo"Debug\\" /Fd"Debug\vc100.pdb" /Gd /TP /analyze- /errorReport:prompt grp2.cpp
         grp2.cpp
     1>c:\users\aadil\desktop\sem7\sp\grp2\grp2\grp2\grp2.cpp(129): warning C4018: '<' : signed/unsigned mismatch
     1>c:\users\aadil\desktop\sem7\sp\grp2\grp2\grp2\grp2.cpp(364): warning C4018: '<' : signed/unsigned mismatch
     1>c:\users\aadil\desktop\sem7\sp\grp2\grp2\grp2\grp2.cpp(365): warning C4018: '<' : signed/unsigned mismatch
     1>c:\users\aadil\desktop\sem7\sp\grp2\grp2\grp2\grp2.cpp(446): warning C4018: '<' : signed/unsigned mismatch
     1>c:\users\aadil\desktop\sem7\sp\grp2\grp2\grp2\grp2.cpp(448): warning C4018: '<' : signed/unsigned mismatch
     1>c:\users\aadil\desktop\sem7\sp\grp2\grp2\grp2\grp2.cpp(463): warning C4018: '<' : signed/unsigned mismatch
     1>c:\users\aadil\desktop\sem7\sp\grp2\grp2\grp2\grp2.cpp(474): warning C4018: '<' : signed/unsigned mismatch
     1>c:\users\aadil\desktop\sem7\sp\grp2\grp2\grp2\grp2.cpp(475): warning C4018: '<' : signed/unsigned mismatch
     1>c:\users\aadil\desktop\sem7\sp\grp2\grp2\grp2\grp2.cpp(492): warning C4018: '<' : signed/unsigned mismatch
     1>c:\users\aadil\desktop\sem7\sp\grp2\grp2\grp2\grp2.cpp(493): warning C4018: '<' : signed/unsigned mismatch
     1>c:\users\aadil\desktop\sem7\sp\grp2\grp2\grp2\grp2.cpp(499): warning C4018: '<' : signed/unsigned mismatch
     1>c:\users\aadil\desktop\sem7\sp\grp2\grp2\grp2\grp2.cpp(502): warning C4018: '<' : signed/unsigned mismatch
     1>c:\users\aadil\desktop\sem7\sp\grp2\grp2\grp2\grp2.cpp(587): warning C4018: '<' : signed/unsigned mismatch
     1>c:\users\aadil\desktop\sem7\sp\grp2\grp2\grp2\grp2.cpp(593): warning C4018: '<' : signed/unsigned mismatch
     1>c:\users\aadil\desktop\sem7\sp\grp2\grp2\grp2\grp2.cpp(612): warning C4018: '<' : signed/unsigned mismatch
     1>c:\users\aadil\desktop\sem7\sp\grp2\grp2\grp2\grp2.cpp(613): warning C4018: '<' : signed/unsigned mismatch
     1>c:\users\aadil\desktop\sem7\sp\grp2\grp2\grp2\grp2.cpp(1036): warning C4244: 'argument' : conversion from 'long double' to 'unsigned int', possible loss of data
     1>c:\users\aadil\desktop\sem7\sp\grp2\grp2\grp2\grp2.cpp(1420): warning C4018: '<' : signed/unsigned mismatch
     1>c:\users\aadil\desktop\sem7\sp\grp2\grp2\grp2\grp2.cpp(1448): warning C4018: '<' : signed/unsigned mismatch
     1>c:\users\aadil\desktop\sem7\sp\grp2\grp2\grp2\grp2.cpp(1490): warning C4018: '<' : signed/unsigned mismatch
     1>c:\users\aadil\desktop\sem7\sp\grp2\grp2\grp2\grp2.cpp(1496): warning C4018: '<' : signed/unsigned mismatch
     1>c:\users\aadil\desktop\sem7\sp\grp2\grp2\grp2\grp2.cpp(1502): warning C4018: '<' : signed/unsigned mismatch
       ManifestResourceCompile:
         All outputs are up-to-date.
       Link:
         C:\Program Files (x86)\Microsoft Visual Studio 10.0\VC\bin\link.exe /ERRORREPORT:PROMPT /OUT:"C:\Users\aadil\Desktop\sem7\SP\grp2\grp2\Debug\grp2.exe" /INCREMENTAL /NOLOGO kernel32.lib user32.lib gdi32.lib winspool.lib comdlg32.lib advapi32.lib shell32.lib ole32.lib oleaut32.lib uuid.lib odbc32.lib odbccp32.lib /MANIFEST /ManifestFile:"Debug\grp2.exe.intermediate.manifest" /MANIFESTUAC:"level='asInvoker' uiAccess='false'" /DEBUG /PDB:"C:\Users\aadil\Desktop\sem7\SP\grp2\grp2\Debug\grp2.pdb" /SUBSYSTEM:CONSOLE /TLBID:1 /DYNAMICBASE /NXCOMPAT /IMPLIB:"C:\Users\aadil\Desktop\sem7\SP\grp2\grp2\Debug\grp2.lib" /MACHINE:X86 Debug\grp2.exe.embed.manifest.res
         Debug\grp2.obj
         Debug\stdafx.obj
       Manifest:
         C:\Program Files (x86)\Microsoft SDKs\Windows\v7.0A\bin\mt.exe /nologo /verbose /out:"Debug\grp2.exe.embed.manifest" /manifest Debug\grp2.exe.intermediate.manifest
         All outputs are up-to-date.
       LinkEmbedManifest:
         All outputs are up-to-date.
         grp2.vcxproj -> C:\Users\aadil\Desktop\sem7\SP\grp2\grp2\Debug\grp2.exe
       FinalizeBuildStatus:
         Deleting file "Debug\grp2.unsuccessfulbuild".
         Touching "Debug\grp2.lastbuildstate".
     1>Done Building Project "C:\Users\aadil\Desktop\sem7\SP\grp2\grp2\grp2\grp2.vcxproj" (build target(s)).

Build succeeded.

Time Elapsed 00:00:01.49
