C:\USERS\AADIL\DESKTOP\SEM7\SP\GRP2\GRP2\DEBUG\GRP2.EXE
C:\USERS\AADIL\DESKTOP\SEM7\SP\GRP2\GRP2\DEBUG\GRP2.ILK
C:\USERS\AADIL\DESKTOP\SEM7\SP\GRP2\GRP2\DEBUG\GRP2.PDB
C:\Users\aadil\Desktop\sem7\SP\grp2\grp2\grp2\Debug\cl.command.1.tlog
C:\Users\aadil\Desktop\sem7\SP\grp2\grp2\grp2\Debug\CL.read.1.tlog
C:\Users\aadil\Desktop\sem7\SP\grp2\grp2\grp2\Debug\CL.write.1.tlog
C:\USERS\AADIL\DESKTOP\SEM7\SP\GRP2\GRP2\GRP2\DEBUG\GRP2.EXE.EMBED.MANIFEST
C:\USERS\AADIL\DESKTOP\SEM7\SP\GRP2\GRP2\GRP2\DEBUG\GRP2.EXE.EMBED.MANIFEST.RES
C:\USERS\AADIL\DESKTOP\SEM7\SP\GRP2\GRP2\GRP2\DEBUG\GRP2.EXE.INTERMEDIATE.MANIFEST
C:\USERS\AADIL\DESKTOP\SEM7\SP\GRP2\GRP2\GRP2\DEBUG\GRP2.OBJ
C:\USERS\AADIL\DESKTOP\SEM7\SP\GRP2\GRP2\GRP2\DEBUG\GRP2.PCH
C:\Users\aadil\Desktop\sem7\SP\grp2\grp2\grp2\Debug\grp2.vcxprojResolveAssemblyReference.cache
C:\Users\aadil\Desktop\sem7\SP\grp2\grp2\grp2\Debug\grp2.write.1.tlog
C:\Users\aadil\Desktop\sem7\SP\grp2\grp2\grp2\Debug\grp2_manifest.rc
C:\Users\aadil\Desktop\sem7\SP\grp2\grp2\grp2\Debug\link.10016.read.1.tlog
C:\Users\aadil\Desktop\sem7\SP\grp2\grp2\grp2\Debug\link.10016.write.1.tlog
C:\Users\aadil\Desktop\sem7\SP\grp2\grp2\grp2\Debug\link.10016-cvtres.read.1.tlog
C:\Users\aadil\Desktop\sem7\SP\grp2\grp2\grp2\Debug\link.10016-cvtres.write.1.tlog
C:\Users\aadil\Desktop\sem7\SP\grp2\grp2\grp2\Debug\link.10888.read.1.tlog
C:\Users\aadil\Desktop\sem7\SP\grp2\grp2\grp2\Debug\link.10888.write.1.tlog
C:\Users\aadil\Desktop\sem7\SP\grp2\grp2\grp2\Debug\link.10888-cvtres.read.1.tlog
C:\Users\aadil\Desktop\sem7\SP\grp2\grp2\grp2\Debug\link.10888-cvtres.write.1.tlog
C:\Users\aadil\Desktop\sem7\SP\grp2\grp2\grp2\Debug\link.10964.read.1.tlog
C:\Users\aadil\Desktop\sem7\SP\grp2\grp2\grp2\Debug\link.10964.write.1.tlog
C:\Users\aadil\Desktop\sem7\SP\grp2\grp2\grp2\Debug\link.10964-cvtres.read.1.tlog
C:\Users\aadil\Desktop\sem7\SP\grp2\grp2\grp2\Debug\link.10964-cvtres.write.1.tlog
C:\Users\aadil\Desktop\sem7\SP\grp2\grp2\grp2\Debug\link.116.read.1.tlog
C:\Users\aadil\Desktop\sem7\SP\grp2\grp2\grp2\Debug\link.116.write.1.tlog
C:\Users\aadil\Desktop\sem7\SP\grp2\grp2\grp2\Debug\link.116-cvtres.read.1.tlog
C:\Users\aadil\Desktop\sem7\SP\grp2\grp2\grp2\Debug\link.116-cvtres.write.1.tlog
C:\Users\aadil\Desktop\sem7\SP\grp2\grp2\grp2\Debug\link.12248.read.1.tlog
C:\Users\aadil\Desktop\sem7\SP\grp2\grp2\grp2\Debug\link.12248.write.1.tlog
C:\Users\aadil\Desktop\sem7\SP\grp2\grp2\grp2\Debug\link.12248-cvtres.read.1.tlog
C:\Users\aadil\Desktop\sem7\SP\grp2\grp2\grp2\Debug\link.12248-cvtres.write.1.tlog
C:\Users\aadil\Desktop\sem7\SP\grp2\grp2\grp2\Debug\link.12784.read.1.tlog
C:\Users\aadil\Desktop\sem7\SP\grp2\grp2\grp2\Debug\link.12784.write.1.tlog
C:\Users\aadil\Desktop\sem7\SP\grp2\grp2\grp2\Debug\link.12784-cvtres.read.1.tlog
C:\Users\aadil\Desktop\sem7\SP\grp2\grp2\grp2\Debug\link.12784-cvtres.write.1.tlog
C:\Users\aadil\Desktop\sem7\SP\grp2\grp2\grp2\Debug\link.12808.read.1.tlog
C:\Users\aadil\Desktop\sem7\SP\grp2\grp2\grp2\Debug\link.12808.write.1.tlog
C:\Users\aadil\Desktop\sem7\SP\grp2\grp2\grp2\Debug\link.12808-cvtres.read.1.tlog
C:\Users\aadil\Desktop\sem7\SP\grp2\grp2\grp2\Debug\link.12808-cvtres.write.1.tlog
C:\Users\aadil\Desktop\sem7\SP\grp2\grp2\grp2\Debug\link.12988.read.1.tlog
C:\Users\aadil\Desktop\sem7\SP\grp2\grp2\grp2\Debug\link.12988.write.1.tlog
C:\Users\aadil\Desktop\sem7\SP\grp2\grp2\grp2\Debug\link.12988-cvtres.read.1.tlog
C:\Users\aadil\Desktop\sem7\SP\grp2\grp2\grp2\Debug\link.12988-cvtres.write.1.tlog
C:\Users\aadil\Desktop\sem7\SP\grp2\grp2\grp2\Debug\link.13028.read.1.tlog
C:\Users\aadil\Desktop\sem7\SP\grp2\grp2\grp2\Debug\link.13028.write.1.tlog
C:\Users\aadil\Desktop\sem7\SP\grp2\grp2\grp2\Debug\link.13028-cvtres.read.1.tlog
C:\Users\aadil\Desktop\sem7\SP\grp2\grp2\grp2\Debug\link.13028-cvtres.write.1.tlog
C:\Users\aadil\Desktop\sem7\SP\grp2\grp2\grp2\Debug\link.13688.read.1.tlog
C:\Users\aadil\Desktop\sem7\SP\grp2\grp2\grp2\Debug\link.13688.write.1.tlog
C:\Users\aadil\Desktop\sem7\SP\grp2\grp2\grp2\Debug\link.13688-cvtres.read.1.tlog
C:\Users\aadil\Desktop\sem7\SP\grp2\grp2\grp2\Debug\link.13688-cvtres.write.1.tlog
C:\Users\aadil\Desktop\sem7\SP\grp2\grp2\grp2\Debug\link.13728.read.1.tlog
C:\Users\aadil\Desktop\sem7\SP\grp2\grp2\grp2\Debug\link.13728.write.1.tlog
C:\Users\aadil\Desktop\sem7\SP\grp2\grp2\grp2\Debug\link.13728-cvtres.read.1.tlog
C:\Users\aadil\Desktop\sem7\SP\grp2\grp2\grp2\Debug\link.13728-cvtres.write.1.tlog
C:\Users\aadil\Desktop\sem7\SP\grp2\grp2\grp2\Debug\link.14368.read.1.tlog
C:\Users\aadil\Desktop\sem7\SP\grp2\grp2\grp2\Debug\link.14368.write.1.tlog
C:\Users\aadil\Desktop\sem7\SP\grp2\grp2\grp2\Debug\link.14368-cvtres.read.1.tlog
C:\Users\aadil\Desktop\sem7\SP\grp2\grp2\grp2\Debug\link.14368-cvtres.write.1.tlog
C:\Users\aadil\Desktop\sem7\SP\grp2\grp2\grp2\Debug\link.14420.read.1.tlog
C:\Users\aadil\Desktop\sem7\SP\grp2\grp2\grp2\Debug\link.14420.write.1.tlog
C:\Users\aadil\Desktop\sem7\SP\grp2\grp2\grp2\Debug\link.14420-cvtres.read.1.tlog
C:\Users\aadil\Desktop\sem7\SP\grp2\grp2\grp2\Debug\link.14420-cvtres.write.1.tlog
C:\Users\aadil\Desktop\sem7\SP\grp2\grp2\grp2\Debug\link.14636.read.1.tlog
C:\Users\aadil\Desktop\sem7\SP\grp2\grp2\grp2\Debug\link.14636.write.1.tlog
C:\Users\aadil\Desktop\sem7\SP\grp2\grp2\grp2\Debug\link.14636-cvtres.read.1.tlog
C:\Users\aadil\Desktop\sem7\SP\grp2\grp2\grp2\Debug\link.14636-cvtres.write.1.tlog
C:\Users\aadil\Desktop\sem7\SP\grp2\grp2\grp2\Debug\link.1916.read.1.tlog
C:\Users\aadil\Desktop\sem7\SP\grp2\grp2\grp2\Debug\link.1916.write.1.tlog
C:\Users\aadil\Desktop\sem7\SP\grp2\grp2\grp2\Debug\link.1916-cvtres.read.1.tlog
C:\Users\aadil\Desktop\sem7\SP\grp2\grp2\grp2\Debug\link.1916-cvtres.write.1.tlog
C:\Users\aadil\Desktop\sem7\SP\grp2\grp2\grp2\Debug\link.2208.read.1.tlog
C:\Users\aadil\Desktop\sem7\SP\grp2\grp2\grp2\Debug\link.2208.write.1.tlog
C:\Users\aadil\Desktop\sem7\SP\grp2\grp2\grp2\Debug\link.2208-cvtres.read.1.tlog
C:\Users\aadil\Desktop\sem7\SP\grp2\grp2\grp2\Debug\link.2208-cvtres.write.1.tlog
C:\Users\aadil\Desktop\sem7\SP\grp2\grp2\grp2\Debug\link.2708.read.1.tlog
C:\Users\aadil\Desktop\sem7\SP\grp2\grp2\grp2\Debug\link.2708.write.1.tlog
C:\Users\aadil\Desktop\sem7\SP\grp2\grp2\grp2\Debug\link.2708-cvtres.read.1.tlog
C:\Users\aadil\Desktop\sem7\SP\grp2\grp2\grp2\Debug\link.2708-cvtres.write.1.tlog
C:\Users\aadil\Desktop\sem7\SP\grp2\grp2\grp2\Debug\link.3124.read.1.tlog
C:\Users\aadil\Desktop\sem7\SP\grp2\grp2\grp2\Debug\link.3124.write.1.tlog
C:\Users\aadil\Desktop\sem7\SP\grp2\grp2\grp2\Debug\link.3124-cvtres.read.1.tlog
C:\Users\aadil\Desktop\sem7\SP\grp2\grp2\grp2\Debug\link.3124-cvtres.write.1.tlog
C:\Users\aadil\Desktop\sem7\SP\grp2\grp2\grp2\Debug\link.4036.read.1.tlog
C:\Users\aadil\Desktop\sem7\SP\grp2\grp2\grp2\Debug\link.4036.write.1.tlog
C:\Users\aadil\Desktop\sem7\SP\grp2\grp2\grp2\Debug\link.4036-cvtres.read.1.tlog
C:\Users\aadil\Desktop\sem7\SP\grp2\grp2\grp2\Debug\link.4036-cvtres.write.1.tlog
C:\Users\aadil\Desktop\sem7\SP\grp2\grp2\grp2\Debug\link.4512.read.1.tlog
C:\Users\aadil\Desktop\sem7\SP\grp2\grp2\grp2\Debug\link.4512.write.1.tlog
C:\Users\aadil\Desktop\sem7\SP\grp2\grp2\grp2\Debug\link.4512-cvtres.read.1.tlog
C:\Users\aadil\Desktop\sem7\SP\grp2\grp2\grp2\Debug\link.4512-cvtres.write.1.tlog
C:\Users\aadil\Desktop\sem7\SP\grp2\grp2\grp2\Debug\link.5060.read.1.tlog
C:\Users\aadil\Desktop\sem7\SP\grp2\grp2\grp2\Debug\link.5060.write.1.tlog
C:\Users\aadil\Desktop\sem7\SP\grp2\grp2\grp2\Debug\link.5060-cvtres.read.1.tlog
C:\Users\aadil\Desktop\sem7\SP\grp2\grp2\grp2\Debug\link.5060-cvtres.write.1.tlog
C:\Users\aadil\Desktop\sem7\SP\grp2\grp2\grp2\Debug\link.8492.read.1.tlog
C:\Users\aadil\Desktop\sem7\SP\grp2\grp2\grp2\Debug\link.8492.write.1.tlog
C:\Users\aadil\Desktop\sem7\SP\grp2\grp2\grp2\Debug\link.8492-cvtres.read.1.tlog
C:\Users\aadil\Desktop\sem7\SP\grp2\grp2\grp2\Debug\link.8492-cvtres.write.1.tlog
C:\Users\aadil\Desktop\sem7\SP\grp2\grp2\grp2\Debug\link.8728.read.1.tlog
C:\Users\aadil\Desktop\sem7\SP\grp2\grp2\grp2\Debug\link.8728.write.1.tlog
C:\Users\aadil\Desktop\sem7\SP\grp2\grp2\grp2\Debug\link.8728-cvtres.read.1.tlog
C:\Users\aadil\Desktop\sem7\SP\grp2\grp2\grp2\Debug\link.8728-cvtres.write.1.tlog
C:\Users\aadil\Desktop\sem7\SP\grp2\grp2\grp2\Debug\link.9280.read.1.tlog
C:\Users\aadil\Desktop\sem7\SP\grp2\grp2\grp2\Debug\link.9280.write.1.tlog
C:\Users\aadil\Desktop\sem7\SP\grp2\grp2\grp2\Debug\link.9280-cvtres.read.1.tlog
C:\Users\aadil\Desktop\sem7\SP\grp2\grp2\grp2\Debug\link.9280-cvtres.write.1.tlog
C:\Users\aadil\Desktop\sem7\SP\grp2\grp2\grp2\Debug\link.9688.read.1.tlog
C:\Users\aadil\Desktop\sem7\SP\grp2\grp2\grp2\Debug\link.9688.write.1.tlog
C:\Users\aadil\Desktop\sem7\SP\grp2\grp2\grp2\Debug\link.9688-cvtres.read.1.tlog
C:\Users\aadil\Desktop\sem7\SP\grp2\grp2\grp2\Debug\link.9688-cvtres.write.1.tlog
C:\Users\aadil\Desktop\sem7\SP\grp2\grp2\grp2\Debug\link.9848.read.1.tlog
C:\Users\aadil\Desktop\sem7\SP\grp2\grp2\grp2\Debug\link.9848.write.1.tlog
C:\Users\aadil\Desktop\sem7\SP\grp2\grp2\grp2\Debug\link.9848-cvtres.read.1.tlog
C:\Users\aadil\Desktop\sem7\SP\grp2\grp2\grp2\Debug\link.9848-cvtres.write.1.tlog
C:\Users\aadil\Desktop\sem7\SP\grp2\grp2\grp2\Debug\link.command.1.tlog
C:\Users\aadil\Desktop\sem7\SP\grp2\grp2\grp2\Debug\link.read.1.tlog
C:\Users\aadil\Desktop\sem7\SP\grp2\grp2\grp2\Debug\link.write.1.tlog
C:\Users\aadil\Desktop\sem7\SP\grp2\grp2\grp2\Debug\link-cvtres.read.1.tlog
C:\Users\aadil\Desktop\sem7\SP\grp2\grp2\grp2\Debug\link-cvtres.write.1.tlog
C:\Users\aadil\Desktop\sem7\SP\grp2\grp2\grp2\Debug\mt.command.1.tlog
C:\Users\aadil\Desktop\sem7\SP\grp2\grp2\grp2\Debug\mt.read.1.tlog
C:\Users\aadil\Desktop\sem7\SP\grp2\grp2\grp2\Debug\mt.write.1.tlog
C:\Users\aadil\Desktop\sem7\SP\grp2\grp2\grp2\Debug\rc.command.1.tlog
C:\Users\aadil\Desktop\sem7\SP\grp2\grp2\grp2\Debug\rc.read.1.tlog
C:\Users\aadil\Desktop\sem7\SP\grp2\grp2\grp2\Debug\rc.write.1.tlog
C:\USERS\AADIL\DESKTOP\SEM7\SP\GRP2\GRP2\GRP2\DEBUG\STDAFX.OBJ
C:\Users\aadil\Desktop\sem7\SP\grp2\grp2\grp2\Debug\vc100.idb
C:\USERS\AADIL\DESKTOP\SEM7\SP\GRP2\GRP2\GRP2\DEBUG\VC100.PDB
C:\USERS\PARANJAY\DOCUMENTS\VISUAL STUDIO 2010\PROJECTS\GRP2\DEBUG\GRP2.EXE
C:\USERS\PARANJAY\DOCUMENTS\VISUAL STUDIO 2010\PROJECTS\GRP2\DEBUG\GRP2.ILK
C:\USERS\PARANJAY\DOCUMENTS\VISUAL STUDIO 2010\PROJECTS\GRP2\DEBUG\GRP2.PDB
C:\USERS\PARANJAY\DOCUMENTS\VISUAL STUDIO 2010\PROJECTS\GRP2\GRP2\DEBUG\GRP2.EXE.EMBED.MANIFEST
C:\USERS\PARANJAY\DOCUMENTS\VISUAL STUDIO 2010\PROJECTS\GRP2\GRP2\DEBUG\GRP2.EXE.EMBED.MANIFEST.RES
C:\USERS\PARANJAY\DOCUMENTS\VISUAL STUDIO 2010\PROJECTS\GRP2\GRP2\DEBUG\GRP2.EXE.INTERMEDIATE.MANIFEST
C:\USERS\PARANJAY\DOCUMENTS\VISUAL STUDIO 2010\PROJECTS\GRP2\GRP2\DEBUG\GRP2.OBJ
C:\USERS\PARANJAY\DOCUMENTS\VISUAL STUDIO 2010\PROJECTS\GRP2\GRP2\DEBUG\GRP2.PCH
C:\USERS\PARANJAY\DOCUMENTS\VISUAL STUDIO 2010\PROJECTS\GRP2\GRP2\DEBUG\STDAFX.OBJ
C:\USERS\PARANJAY\DOCUMENTS\VISUAL STUDIO 2010\PROJECTS\GRP2\GRP2\DEBUG\VC100.PDB
